<?xml version="1.0" encoding="UTF-8" ?>
<<<<<<< HEAD
<testsuite tests="7" failures="0" name="urjc.isi.jgit.CopiaTest" time="6.295" errors="1" skipped="0">
  <properties>
    <property name="java.runtime.name" value="OpenJDK Runtime Environment"/>
    <property name="java.vm.version" value="11.0.13+8-Ubuntu-0ubuntu1.20.04"/>
    <property name="sun.boot.library.path" value="/usr/lib/jvm/java-11-openjdk-amd64/lib"/>
    <property name="maven.multiModuleProjectDirectory" value="/home/usuario/Escritorio/practica-final/JGIT-Project"/>
=======
<testsuite tests="4" failures="0" name="urjc.isi.jgit.CopiaTest" time="5.231" errors="0" skipped="0">
  <properties>
    <property name="java.runtime.name" value="OpenJDK Runtime Environment"/>
    <property name="java.vm.version" value="11.0.11+9-Ubuntu-0ubuntu2.20.04"/>
    <property name="sun.boot.library.path" value="/usr/lib/jvm/java-11-openjdk-amd64/lib"/>
    <property name="maven.multiModuleProjectDirectory" value="/home/alumno/Escritorio/practica-final/JGIT-Project"/>
>>>>>>> 497d40d767864c573b766f008996a048a9791f60
    <property name="java.vm.vendor" value="Ubuntu"/>
    <property name="java.vendor.url" value="https://ubuntu.com/"/>
    <property name="guice.disable.misplaced.annotation.check" value="true"/>
    <property name="path.separator" value=":"/>
    <property name="java.vm.name" value="OpenJDK 64-Bit Server VM"/>
    <property name="sun.os.patch.level" value="unknown"/>
    <property name="user.country" value="ES"/>
    <property name="sun.java.launcher" value="SUN_STANDARD"/>
    <property name="java.vm.specification.name" value="Java Virtual Machine Specification"/>
<<<<<<< HEAD
    <property name="user.dir" value="/home/usuario/Escritorio/practica-final/JGIT-Project"/>
    <property name="java.vm.compressedOopsMode" value="Zero based"/>
    <property name="java.runtime.version" value="11.0.13+8-Ubuntu-0ubuntu1.20.04"/>
=======
    <property name="user.dir" value="/home/alumno/Escritorio/practica-final/JGIT-Project"/>
    <property name="java.vm.compressedOopsMode" value="32-bit"/>
    <property name="java.runtime.version" value="11.0.11+9-Ubuntu-0ubuntu2.20.04"/>
>>>>>>> 497d40d767864c573b766f008996a048a9791f60
    <property name="java.awt.graphicsenv" value="sun.awt.X11GraphicsEnvironment"/>
    <property name="os.arch" value="amd64"/>
    <property name="java.io.tmpdir" value="/tmp"/>
    <property name="line.separator" value="
"/>
    <property name="java.vm.specification.vendor" value="Oracle Corporation"/>
    <property name="os.name" value="Linux"/>
<<<<<<< HEAD
    <property name="classworlds.conf" value="/home/usuario/Escritorio/universidad/teleco/cuarto/segundo_cuatri/ing_sist_telematicos/ejercicio1/.metadata/.plugins/org.eclipse.m2e.launching/launches/m2conf16302175319535176849.tmp"/>
    <property name="sun.jnu.encoding" value="UTF-8"/>
    <property name="java.library.path" value="/usr/java/packages/lib:/usr/lib/x86_64-linux-gnu/jni:/lib/x86_64-linux-gnu:/usr/lib/x86_64-linux-gnu:/usr/lib/jni:/lib:/usr/lib"/>
=======
    <property name="classworlds.conf" value="/usr/share/maven/bin/m2.conf"/>
    <property name="sun.jnu.encoding" value="UTF-8"/>
    <property name="java.library.path" value="/usr/java/packages/lib:/usr/lib/x86_64-linux-gnu/jni:/lib/x86_64-linux-gnu:/usr/lib/x86_64-linux-gnu:/usr/lib/jni:/lib:/usr/lib"/>
    <property name="maven.conf" value="/usr/share/maven/conf"/>
>>>>>>> 497d40d767864c573b766f008996a048a9791f60
    <property name="jdk.debug" value="release"/>
    <property name="java.class.version" value="55.0"/>
    <property name="java.specification.name" value="Java Platform API Specification"/>
    <property name="sun.management.compiler" value="HotSpot 64-Bit Tiered Compilers"/>
<<<<<<< HEAD
    <property name="os.version" value="5.4.0-51-generic"/>
    <property name="user.home" value="/home/usuario"/>
=======
    <property name="os.version" value="5.4.0-70-generic"/>
    <property name="library.jansi.path" value="/usr/share/maven/lib/jansi-native"/>
    <property name="user.home" value="/home/alumno"/>
>>>>>>> 497d40d767864c573b766f008996a048a9791f60
    <property name="user.timezone" value="Europe/Madrid"/>
    <property name="java.awt.printerjob" value="sun.print.PSPrinterJob"/>
    <property name="file.encoding" value="UTF-8"/>
    <property name="java.specification.version" value="11"/>
<<<<<<< HEAD
    <property name="user.name" value="usuario"/>
    <property name="java.class.path" value="/opt/eclipse-ee/plugins/org.eclipse.m2e.maven.runtime_1.16.0.20200610-1735/jars/plexus-classworlds-2.6.0.jar"/>
    <property name="java.vm.specification.version" value="11"/>
    <property name="sun.arch.data.model" value="64"/>
    <property name="sun.java.command" value="org.codehaus.plexus.classworlds.launcher.Launcher -B test"/>
=======
    <property name="user.name" value="alumno"/>
    <property name="java.class.path" value="/usr/share/maven/boot/plexus-classworlds-2.x.jar"/>
    <property name="java.vm.specification.version" value="11"/>
    <property name="sun.arch.data.model" value="64"/>
    <property name="sun.java.command" value="org.codehaus.plexus.classworlds.launcher.Launcher package"/>
>>>>>>> 497d40d767864c573b766f008996a048a9791f60
    <property name="java.home" value="/usr/lib/jvm/java-11-openjdk-amd64"/>
    <property name="user.language" value="es"/>
    <property name="java.specification.vendor" value="Oracle Corporation"/>
    <property name="awt.toolkit" value="sun.awt.X11.XToolkit"/>
<<<<<<< HEAD
    <property name="java.vm.info" value="mixed mode"/>
    <property name="java.version" value="11.0.13"/>
    <property name="securerandom.source" value="file:/dev/./urandom"/>
    <property name="java.vendor" value="Ubuntu"/>
    <property name="maven.home" value="/home/usuario/Escritorio/practica-final/JGIT-Project/EMBEDDED"/>
    <property name="file.separator" value="/"/>
    <property name="java.version.date" value="2021-10-19"/>
=======
    <property name="java.vm.info" value="mixed mode, sharing"/>
    <property name="java.version" value="11.0.11"/>
    <property name="securerandom.source" value="file:/dev/./urandom"/>
    <property name="java.vendor" value="Ubuntu"/>
    <property name="maven.home" value="/usr/share/maven"/>
    <property name="file.separator" value="/"/>
    <property name="java.version.date" value="2021-04-20"/>
>>>>>>> 497d40d767864c573b766f008996a048a9791f60
    <property name="java.vendor.url.bug" value="https://bugs.launchpad.net/ubuntu/+source/openjdk-lts"/>
    <property name="sun.io.unicode.encoding" value="UnicodeLittle"/>
    <property name="sun.cpu.endian" value="little"/>
    <property name="sun.desktop" value="gnome"/>
    <property name="sun.cpu.isalist" value=""/>
  </properties>
<<<<<<< HEAD
  <testcase classname="urjc.isi.jgit.CopiaTest" name="hacerGitDiffTest_porcentajecopia" time="1.599"/>
  <testcase classname="urjc.isi.jgit.CopiaTest" name="umbralNumCommit_noSuperaUmbral" time="0.854"/>
  <testcase classname="urjc.isi.jgit.CopiaTest" name="umbralNumCommit_SuperaUmbral1" time="0.667"/>
  <testcase classname="urjc.isi.jgit.CopiaTest" name="umbralNumCommit_SuperaUmbral2" time="1.2"/>
  <testcase classname="urjc.isi.jgit.CopiaTest" name="hacerGitDiffTest_100copia" time="0.686">
    <error message="java.lang.ArrayIndexOutOfBoundsException: Index 1 out of bounds for length 1" type="java.lang.RuntimeException">java.lang.RuntimeException: java.lang.ArrayIndexOutOfBoundsException: Index 1 out of bounds for length 1
	at urjc.isi.jgit.Comparador.resultadosCopia(Comparador.java:66)
	at urjc.isi.jgit.Comparador.hacerGitDiff(Comparador.java:142)
	at urjc.isi.jgit.CopiaTest.hacerGitDiffTest_100copia(CopiaTest.java:23)
	at java.base/jdk.internal.reflect.NativeMethodAccessorImpl.invoke0(Native Method)
	at java.base/jdk.internal.reflect.NativeMethodAccessorImpl.invoke(NativeMethodAccessorImpl.java:62)
	at java.base/jdk.internal.reflect.DelegatingMethodAccessorImpl.invoke(DelegatingMethodAccessorImpl.java:43)
	at java.base/java.lang.reflect.Method.invoke(Method.java:566)
	at org.junit.runners.model.FrameworkMethod$1.runReflectiveCall(FrameworkMethod.java:59)
	at org.junit.internal.runners.model.ReflectiveCallable.run(ReflectiveCallable.java:12)
	at org.junit.runners.model.FrameworkMethod.invokeExplosively(FrameworkMethod.java:56)
	at org.junit.internal.runners.statements.InvokeMethod.evaluate(InvokeMethod.java:17)
	at org.junit.runners.ParentRunner$3.evaluate(ParentRunner.java:306)
	at org.junit.runners.BlockJUnit4ClassRunner$1.evaluate(BlockJUnit4ClassRunner.java:100)
	at org.junit.runners.ParentRunner.runLeaf(ParentRunner.java:366)
	at org.junit.runners.BlockJUnit4ClassRunner.runChild(BlockJUnit4ClassRunner.java:103)
	at org.junit.runners.BlockJUnit4ClassRunner.runChild(BlockJUnit4ClassRunner.java:63)
	at org.junit.runners.ParentRunner$4.run(ParentRunner.java:331)
	at org.junit.runners.ParentRunner$1.schedule(ParentRunner.java:79)
	at org.junit.runners.ParentRunner.runChildren(ParentRunner.java:329)
	at org.junit.runners.ParentRunner.access$100(ParentRunner.java:66)
	at org.junit.runners.ParentRunner$2.evaluate(ParentRunner.java:293)
	at org.junit.internal.runners.statements.RunBefores.evaluate(RunBefores.java:26)
	at org.junit.runners.ParentRunner$3.evaluate(ParentRunner.java:306)
	at org.junit.runners.ParentRunner.run(ParentRunner.java:413)
	at org.apache.maven.surefire.junit4.JUnit4Provider.execute(JUnit4Provider.java:252)
	at org.apache.maven.surefire.junit4.JUnit4Provider.executeTestSet(JUnit4Provider.java:141)
	at org.apache.maven.surefire.junit4.JUnit4Provider.invoke(JUnit4Provider.java:112)
	at java.base/jdk.internal.reflect.NativeMethodAccessorImpl.invoke0(Native Method)
	at java.base/jdk.internal.reflect.NativeMethodAccessorImpl.invoke(NativeMethodAccessorImpl.java:62)
	at java.base/jdk.internal.reflect.DelegatingMethodAccessorImpl.invoke(DelegatingMethodAccessorImpl.java:43)
	at java.base/java.lang.reflect.Method.invoke(Method.java:566)
	at org.apache.maven.surefire.util.ReflectionUtils.invokeMethodWithArray(ReflectionUtils.java:189)
	at org.apache.maven.surefire.booter.ProviderFactory$ProviderProxy.invoke(ProviderFactory.java:165)
	at org.apache.maven.surefire.booter.ProviderFactory.invokeProvider(ProviderFactory.java:85)
	at org.apache.maven.surefire.booter.ForkedBooter.runSuitesInProcess(ForkedBooter.java:115)
	at org.apache.maven.surefire.booter.ForkedBooter.main(ForkedBooter.java:75)
Caused by: java.lang.ArrayIndexOutOfBoundsException: Index 1 out of bounds for length 1
	at urjc.isi.jgit.Comparador.resultadosCopia(Comparador.java:31)
	... 35 more
</error>
    <system-err>[main] INFO org.eclipse.jgit.transport.TransportHttp - URI &apos;https://gitlab.etsit.urjc.es/brosaa/P1&apos;: following HTTP redirect #0  https://gitlab.etsit.urjc.es/brosaa/P1/ -&gt; https://gitlab.etsit.urjc.es/brosaa/P1.git/
[main] INFO org.eclipse.jgit.transport.TransportHttp - URI &apos;https://gitlab.etsit.urjc.es/brosaa/P1&apos;: following HTTP redirect #0  https://gitlab.etsit.urjc.es/brosaa/P1/ -&gt; https://gitlab.etsit.urjc.es/brosaa/P1.git/
</system-err>
  </testcase>
  <testcase classname="urjc.isi.jgit.CopiaTest" name="hacerGitDiffTest_archivoVacio" time="0.661"/>
  <testcase classname="urjc.isi.jgit.CopiaTest" name="hacerGitDiffTest_0copia" time="0.628"/>
=======
  <testcase classname="urjc.isi.jgit.CopiaTest" name="hacerGitDiffTest_porcentajecopia" time="2.351"/>
  <testcase classname="urjc.isi.jgit.CopiaTest" name="hacerGitDiffTest_100copia" time="0.987"/>
  <testcase classname="urjc.isi.jgit.CopiaTest" name="hacerGitDiffTest_archivoVacio" time="0.958"/>
  <testcase classname="urjc.isi.jgit.CopiaTest" name="hacerGitDiffTest_0copia" time="0.935"/>
>>>>>>> 497d40d767864c573b766f008996a048a9791f60
</testsuite>